Using GATv2-PPO policy  (models/gnn_ppo_final.pt)
Found 99 test graphs.

[  1/99] grafo10000.38              N= 38  xings=    8  neato=   14  SPC=+42.9%  → coords_submission/grafo10000.38.coord
[  2/99] grafo10001.32              N= 32  xings=    0  neato=    0  SPC=+0.0%  → coords_submission/grafo10001.32.coord
[  3/99] grafo10002.40              N= 40  xings=    3  neato=    4  SPC=+25.0%  → coords_submission/grafo10002.40.coord
[  4/99] grafo10003.40              N= 40  xings=   10  neato=   17  SPC=+41.2%  → coords_submission/grafo10003.40.coord
[  5/99] grafo10004.32              N= 32  xings=    2  neato=    4  SPC=+50.0%  → coords_submission/grafo10004.32.coord
[  6/99] grafo10005.39              N= 39  xings=   11  neato=   15  SPC=+26.7%  → coords_submission/grafo10005.39.coord
[  7/99] grafo10006.98              N= 98  xings=  110  neato=  136  SPC=+19.1%  → coords_submission/grafo10006.98.coord
[  8/99] grafo10007.31              N= 31  xings=    1  neato=    2  SPC=+50.0%  → coords_submission/grafo10007.31.coord
[  9/99] grafo10008.42              N= 42  xings=   19  neato=   30  SPC=+36.7%  → coords_submission/grafo10008.42.coord
[ 10/99] grafo10009.31              N= 31  xings=    2  neato=    2  SPC=+0.0%  → coords_submission/grafo10009.31.coord
[ 11/99] grafo10010.39              N= 39  xings=   10  neato=   11  SPC=+9.1%  → coords_submission/grafo10010.39.coord
[ 12/99] grafo10011.31              N= 31  xings=    1  neato=    2  SPC=+50.0%  → coords_submission/grafo10011.31.coord
[ 13/99] grafo10012.40              N= 40  xings=   10  neato=   12  SPC=+16.7%  → coords_submission/grafo10012.40.coord
[ 14/99] grafo10013.31              N= 31  xings=    1  neato=    2  SPC=+50.0%  → coords_submission/grafo10013.31.coord
[ 15/99] grafo10014.39              N= 39  xings=   10  neato=   13  SPC=+23.1%  → coords_submission/grafo10014.39.coord
[ 16/99] grafo10015.39              N= 39  xings=    2  neato=    3  SPC=+33.3%  → coords_submission/grafo10015.39.coord
[ 17/99] grafo10016.39              N= 39  xings=   18  neato=   20  SPC=+10.0%  → coords_submission/grafo10016.39.coord
[ 18/99] grafo10017.96              N= 96  xings=  102  neato=  113  SPC=+9.7%  → coords_submission/grafo10017.96.coord
[ 19/99] grafo10018.31              N= 31  xings=    3  neato=    4  SPC=+25.0%  → coords_submission/grafo10018.31.coord
[ 20/99] grafo10019.38              N= 38  xings=    1  neato=    2  SPC=+50.0%  → coords_submission/grafo10019.38.coord
[ 21/99] grafo10020.38              N= 38  xings=   14  neato=   17  SPC=+17.6%  → coords_submission/grafo10020.38.coord
[ 22/99] grafo10021.39              N= 39  xings=    7  neato=   10  SPC=+30.0%  → coords_submission/grafo10021.39.coord
[ 23/99] grafo10022.31              N= 31  xings=    1  neato=    2  SPC=+50.0%  → coords_submission/grafo10022.31.coord
[ 24/99] grafo10023.39              N= 39  xings=    8  neato=    9  SPC=+11.1%  → coords_submission/grafo10023.39.coord
[ 25/99] grafo10024.32              N= 32  xings=    4  neato=    5  SPC=+20.0%  → coords_submission/grafo10024.32.coord
[ 26/99] grafo10025.31              N= 31  xings=    3  neato=    4  SPC=+25.0%  → coords_submission/grafo10025.31.coord
[ 27/99] grafo10026.32              N= 32  xings=    3  neato=    4  SPC=+25.0%  → coords_submission/grafo10026.32.coord
[ 28/99] grafo10027.38              N= 38  xings=   11  neato=   14  SPC=+21.4%  → coords_submission/grafo10027.38.coord
[ 29/99] grafo10028.96              N= 96  xings=   83  neato=  104  SPC=+20.2%  → coords_submission/grafo10028.96.coord
[ 30/99] grafo10029.40              N= 40  xings=   14  neato=   18  SPC=+22.2%  → coords_submission/grafo10029.40.coord
[ 31/99] grafo10030.38              N= 38  xings=   10  neato=   14  SPC=+28.6%  → coords_submission/grafo10030.38.coord
[ 32/99] grafo10031.38              N= 38  xings=    9  neato=   12  SPC=+25.0%  → coords_submission/grafo10031.38.coord
[ 33/99] grafo10032.38              N= 38  xings=    6  neato=    9  SPC=+33.3%  → coords_submission/grafo10032.38.coord
[ 34/99] grafo10033.31              N= 31  xings=    1  neato=    2  SPC=+50.0%  → coords_submission/grafo10033.31.coord
[ 35/99] grafo10034.40              N= 40  xings=   14  neato=   18  SPC=+22.2%  → coords_submission/grafo10034.40.coord
[ 36/99] grafo10035.38              N= 38  xings=    4  neato=    7  SPC=+42.9%  → coords_submission/grafo10035.38.coord
[ 37/99] grafo10036.31              N= 31  xings=    1  neato=    2  SPC=+50.0%  → coords_submission/grafo10036.31.coord
[ 38/99] grafo10037.39              N= 39  xings=    9  neato=   14  SPC=+35.7%  → coords_submission/grafo10037.39.coord
[ 39/99] grafo10038.38              N= 38  xings=    6  neato=    7  SPC=+14.3%  → coords_submission/grafo10038.38.coord
[ 40/99] grafo10039.98              N= 98  xings=   63  neato=   80  SPC=+21.2%  → coords_submission/grafo10039.98.coord
[ 41/99] grafo10040.32              N= 32  xings=    0  neato=    0  SPC=+0.0%  → coords_submission/grafo10040.32.coord
[ 42/99] grafo10041.41              N= 41  xings=   13  neato=   19  SPC=+31.6%  → coords_submission/grafo10041.41.coord
[ 43/99] grafo10042.39              N= 39  xings=   11  neato=   14  SPC=+21.4%  → coords_submission/grafo10042.39.coord
[ 44/99] grafo10043.32              N= 32  xings=    7  neato=    8  SPC=+12.5%  → coords_submission/grafo10043.32.coord
[ 45/99] grafo10044.38              N= 38  xings=    6  neato=   10  SPC=+40.0%  → coords_submission/grafo10044.38.coord
[ 46/99] grafo10045.38              N= 38  xings=    7  neato=    9  SPC=+22.2%  → coords_submission/grafo10045.38.coord
[ 47/99] grafo10046.40              N= 40  xings=    6  neato=    7  SPC=+14.3%  → coords_submission/grafo10046.40.coord
[ 48/99] grafo10047.32              N= 32  xings=    2  neato=    4  SPC=+50.0%  → coords_submission/grafo10047.32.coord
[ 49/99] grafo10048.32              N= 32  xings=    4  neato=    5  SPC=+20.0%  → coords_submission/grafo10048.32.coord
[ 50/99] grafo10049.39              N= 39  xings=    8  neato=    9  SPC=+11.1%  → coords_submission/grafo10049.39.coord
[ 51/99] grafo10050.97              N= 97  xings=  100  neato=  117  SPC=+14.5%  → coords_submission/grafo10050.97.coord
[ 52/99] grafo10051.30              N= 30  xings=    3  neato=    4  SPC=+25.0%  → coords_submission/grafo10051.30.coord
[ 53/99] grafo10052.32              N= 32  xings=    0  neato=    0  SPC=+0.0%  → coords_submission/grafo10052.32.coord
[ 54/99] grafo10053.32              N= 32  xings=    3  neato=    4  SPC=+25.0%  → coords_submission/grafo10053.32.coord
[ 55/99] grafo10054.40              N= 40  xings=   11  neato=   13  SPC=+15.4%  → coords_submission/grafo10054.40.coord
[ 56/99] grafo10055.40              N= 40  xings=   17  neato=   23  SPC=+26.1%  → coords_submission/grafo10055.40.coord
[ 57/99] grafo10056.31              N= 31  xings=    1  neato=    2  SPC=+50.0%  → coords_submission/grafo10056.31.coord
[ 58/99] grafo10057.40              N= 40  xings=   29  neato=   39  SPC=+25.6%  → coords_submission/grafo10057.40.coord
[ 59/99] grafo10058.32              N= 32  xings=    3  neato=    3  SPC=+0.0%  → coords_submission/grafo10058.32.coord
[ 60/99] grafo10059.32              N= 32  xings=    2  neato=    3  SPC=+33.3%  → coords_submission/grafo10059.32.coord
[ 61/99] grafo10060.90              N= 90  xings=   42  neato=   50  SPC=+16.0%  → coords_submission/grafo10060.90.coord
[ 62/99] grafo10061.99              N= 99  xings=   92  neato=  103  SPC=+10.7%  → coords_submission/grafo10061.99.coord
[ 63/99] grafo10062.39              N= 39  xings=    4  neato=    6  SPC=+33.3%  → coords_submission/grafo10062.39.coord
[ 64/99] grafo10063.31              N= 31  xings=    1  neato=    2  SPC=+50.0%  → coords_submission/grafo10063.31.coord
[ 65/99] grafo10064.39              N= 39  xings=   18  neato=   26  SPC=+30.8%  → coords_submission/grafo10064.39.coord
[ 66/99] grafo10065.32              N= 32  xings=    3  neato=    3  SPC=+0.0%  → coords_submission/grafo10065.32.coord
[ 67/99] grafo10066.40              N= 40  xings=   13  neato=   19  SPC=+31.6%  → coords_submission/grafo10066.40.coord
[ 68/99] grafo10067.41              N= 41  xings=    3  neato=    5  SPC=+40.0%  → coords_submission/grafo10067.41.coord
[ 69/99] grafo10068.31              N= 31  xings=    1  neato=    2  SPC=+50.0%  → coords_submission/grafo10068.31.coord
[ 70/99] grafo10069.40              N= 40  xings=    8  neato=   14  SPC=+42.9%  → coords_submission/grafo10069.40.coord
[ 71/99] grafo10070.32              N= 32  xings=    1  neato=    1  SPC=+0.0%  → coords_submission/grafo10070.32.coord
[ 72/99] grafo10071.40              N= 40  xings=    9  neato=   11  SPC=+18.2%  → coords_submission/grafo10071.40.coord
[ 73/99] grafo10072.97              N= 97  xings=   91  neato=  110  SPC=+17.3%  → coords_submission/grafo10072.97.coord
[ 74/99] grafo10074.90              N= 90  xings=  128  neato=  153  SPC=+16.3%  → coords_submission/grafo10074.90.coord
[ 75/99] grafo10075.31              N= 31  xings=    1  neato=    1  SPC=+0.0%  → coords_submission/grafo10075.31.coord
[ 76/99] grafo10076.90              N= 90  xings=  117  neato=  141  SPC=+17.0%  → coords_submission/grafo10076.90.coord
[ 77/99] grafo10077.31              N= 31  xings=    1  neato=    2  SPC=+50.0%  → coords_submission/grafo10077.31.coord
[ 78/99] grafo10078.40              N= 40  xings=    7  neato=    9  SPC=+22.2%  → coords_submission/grafo10078.40.coord
[ 79/99] grafo10079.41              N= 41  xings=   18  neato=   25  SPC=+28.0%  → coords_submission/grafo10079.41.coord
[ 80/99] grafo10080.38              N= 38  xings=   10  neato=   13  SPC=+23.1%  → coords_submission/grafo10080.38.coord
[ 81/99] grafo10081.34              N= 34  xings=    6  neato=    9  SPC=+33.3%  → coords_submission/grafo10081.34.coord
[ 82/99] grafo10082.98              N= 98  xings=   57  neato=   67  SPC=+14.9%  → coords_submission/grafo10082.98.coord
[ 83/99] grafo10083.38              N= 38  xings=    9  neato=   11  SPC=+18.2%  → coords_submission/grafo10083.38.coord
[ 84/99] grafo10084.97              N= 97  xings=  163  neato=  182  SPC=+10.4%  → coords_submission/grafo10084.97.coord
[ 85/99] grafo10085.35              N= 35  xings=    5  neato=    7  SPC=+28.6%  → coords_submission/grafo10085.35.coord
[ 86/99] grafo10086.34              N= 34  xings=    0  neato=    1  SPC=+100.0%  → coords_submission/grafo10086.34.coord
[ 87/99] grafo10087.39              N= 39  xings=    7  neato=   12  SPC=+41.7%  → coords_submission/grafo10087.39.coord
[ 88/99] grafo10088.39              N= 39  xings=   14  neato=   17  SPC=+17.6%  → coords_submission/grafo10088.39.coord
[ 89/99] grafo10089.37              N= 37  xings=    9  neato=   12  SPC=+25.0%  → coords_submission/grafo10089.37.coord
[ 90/99] grafo10090.97              N= 97  xings=   23  neato=   30  SPC=+23.3%  → coords_submission/grafo10090.97.coord
[ 91/99] grafo10091.96              N= 96  xings=   58  neato=   72  SPC=+19.4%  → coords_submission/grafo10091.96.coord
[ 92/99] grafo10092.97              N= 97  xings=   80  neato=   91  SPC=+12.1%  → coords_submission/grafo10092.97.coord
[ 93/99] grafo10093.98              N= 98  xings=   97  neato=  109  SPC=+11.0%  → coords_submission/grafo10093.98.coord
[ 94/99] grafo10095.93              N= 93  xings=   45  neato=   53  SPC=+15.1%  → coords_submission/grafo10095.93.coord
[ 95/99] grafo10096.95              N= 95  xings=   87  neato=  103  SPC=+15.5%  → coords_submission/grafo10096.95.coord
[ 96/99] grafo10097.95              N= 95  xings=   37  neato=   47  SPC=+21.3%  → coords_submission/grafo10097.95.coord
[ 97/99] grafo10098.95              N= 95  xings=   93  neato=  104  SPC=+10.6%  → coords_submission/grafo10098.95.coord
[ 98/99] grafo10099.94              N= 94  xings=  135  neato=  149  SPC=+9.4%  → coords_submission/grafo10099.94.coord
[ 99/99] grafo10100.99              N= 99  xings=   86  neato=  104  SPC=+17.3%  → coords_submission/grafo10100.99.coord

Done. 99 .coord files written to coords_submission//
Packed → D:\csa_class\5180\project\RL-Project-main\RL-Project-main\coords_submission.tar.gz
