Generating visualizations for 99 graphs → viz_output//
  [  1/99] grafo10000.38              RL=   8  neato=  14  SPC=+42.9%  → grafo10000.38.png
  [  2/99] grafo10001.32              RL=   0  neato=   0  SPC=+0.0%  → grafo10001.32.png
  [  3/99] grafo10002.40              RL=   3  neato=   4  SPC=+25.0%  → grafo10002.40.png
  [  4/99] grafo10003.40              RL=  10  neato=  17  SPC=+41.2%  → grafo10003.40.png
  [  5/99] grafo10004.32              RL=   2  neato=   4  SPC=+50.0%  → grafo10004.32.png
  [  6/99] grafo10005.39              RL=  11  neato=  15  SPC=+26.7%  → grafo10005.39.png
  [  7/99] grafo10006.98              RL= 110  neato= 136  SPC=+19.1%  → grafo10006.98.png
  [  8/99] grafo10007.31              RL=   1  neato=   2  SPC=+50.0%  → grafo10007.31.png
  [  9/99] grafo10008.42              RL=  19  neato=  30  SPC=+36.7%  → grafo10008.42.png
  [ 10/99] grafo10009.31              RL=   2  neato=   2  SPC=+0.0%  → grafo10009.31.png
  [ 11/99] grafo10010.39              RL=  10  neato=  11  SPC=+9.1%  → grafo10010.39.png
  [ 12/99] grafo10011.31              RL=   1  neato=   2  SPC=+50.0%  → grafo10011.31.png
  [ 13/99] grafo10012.40              RL=  10  neato=  12  SPC=+16.7%  → grafo10012.40.png
  [ 14/99] grafo10013.31              RL=   1  neato=   2  SPC=+50.0%  → grafo10013.31.png
  [ 15/99] grafo10014.39              RL=  10  neato=  13  SPC=+23.1%  → grafo10014.39.png
  [ 16/99] grafo10015.39              RL=   2  neato=   3  SPC=+33.3%  → grafo10015.39.png
  [ 17/99] grafo10016.39              RL=  18  neato=  20  SPC=+10.0%  → grafo10016.39.png
  [ 18/99] grafo10017.96              RL= 102  neato= 113  SPC=+9.7%  → grafo10017.96.png
  [ 19/99] grafo10018.31              RL=   3  neato=   4  SPC=+25.0%  → grafo10018.31.png
  [ 20/99] grafo10019.38              RL=   1  neato=   2  SPC=+50.0%  → grafo10019.38.png
  [ 21/99] grafo10020.38              RL=  14  neato=  17  SPC=+17.6%  → grafo10020.38.png
  [ 22/99] grafo10021.39              RL=   7  neato=  10  SPC=+30.0%  → grafo10021.39.png
  [ 23/99] grafo10022.31              RL=   1  neato=   2  SPC=+50.0%  → grafo10022.31.png
  [ 24/99] grafo10023.39              RL=   8  neato=   9  SPC=+11.1%  → grafo10023.39.png
  [ 25/99] grafo10024.32              RL=   4  neato=   5  SPC=+20.0%  → grafo10024.32.png
  [ 26/99] grafo10025.31              RL=   3  neato=   4  SPC=+25.0%  → grafo10025.31.png
  [ 27/99] grafo10026.32              RL=   3  neato=   4  SPC=+25.0%  → grafo10026.32.png
  [ 28/99] grafo10027.38              RL=  11  neato=  14  SPC=+21.4%  → grafo10027.38.png
  [ 29/99] grafo10028.96              RL=  83  neato= 104  SPC=+20.2%  → grafo10028.96.png
  [ 30/99] grafo10029.40              RL=  14  neato=  18  SPC=+22.2%  → grafo10029.40.png
  [ 31/99] grafo10030.38              RL=  10  neato=  14  SPC=+28.6%  → grafo10030.38.png
  [ 32/99] grafo10031.38              RL=   9  neato=  12  SPC=+25.0%  → grafo10031.38.png
  [ 33/99] grafo10032.38              RL=   6  neato=   9  SPC=+33.3%  → grafo10032.38.png
  [ 34/99] grafo10033.31              RL=   1  neato=   2  SPC=+50.0%  → grafo10033.31.png
  [ 35/99] grafo10034.40              RL=  14  neato=  18  SPC=+22.2%  → grafo10034.40.png
  [ 36/99] grafo10035.38              RL=   4  neato=   7  SPC=+42.9%  → grafo10035.38.png
  [ 37/99] grafo10036.31              RL=   1  neato=   2  SPC=+50.0%  → grafo10036.31.png
  [ 38/99] grafo10037.39              RL=   9  neato=  14  SPC=+35.7%  → grafo10037.39.png
  [ 39/99] grafo10038.38              RL=   6  neato=   7  SPC=+14.3%  → grafo10038.38.png
  [ 40/99] grafo10039.98              RL=  63  neato=  80  SPC=+21.2%  → grafo10039.98.png
  [ 41/99] grafo10040.32              RL=   0  neato=   0  SPC=+0.0%  → grafo10040.32.png
  [ 42/99] grafo10041.41              RL=  13  neato=  19  SPC=+31.6%  → grafo10041.41.png
  [ 43/99] grafo10042.39              RL=  11  neato=  14  SPC=+21.4%  → grafo10042.39.png
  [ 44/99] grafo10043.32              RL=   7  neato=   8  SPC=+12.5%  → grafo10043.32.png
  [ 45/99] grafo10044.38              RL=   6  neato=  10  SPC=+40.0%  → grafo10044.38.png
  [ 46/99] grafo10045.38              RL=   7  neato=   9  SPC=+22.2%  → grafo10045.38.png
  [ 47/99] grafo10046.40              RL=   6  neato=   7  SPC=+14.3%  → grafo10046.40.png
  [ 48/99] grafo10047.32              RL=   2  neato=   4  SPC=+50.0%  → grafo10047.32.png
  [ 49/99] grafo10048.32              RL=   4  neato=   5  SPC=+20.0%  → grafo10048.32.png
  [ 50/99] grafo10049.39              RL=   8  neato=   9  SPC=+11.1%  → grafo10049.39.png
  [ 51/99] grafo10050.97              RL= 100  neato= 117  SPC=+14.5%  → grafo10050.97.png
  [ 52/99] grafo10051.30              RL=   3  neato=   4  SPC=+25.0%  → grafo10051.30.png
  [ 53/99] grafo10052.32              RL=   0  neato=   0  SPC=+0.0%  → grafo10052.32.png
  [ 54/99] grafo10053.32              RL=   3  neato=   4  SPC=+25.0%  → grafo10053.32.png
  [ 55/99] grafo10054.40              RL=  11  neato=  13  SPC=+15.4%  → grafo10054.40.png
  [ 56/99] grafo10055.40              RL=  17  neato=  23  SPC=+26.1%  → grafo10055.40.png
  [ 57/99] grafo10056.31              RL=   1  neato=   2  SPC=+50.0%  → grafo10056.31.png
  [ 58/99] grafo10057.40              RL=  29  neato=  39  SPC=+25.6%  → grafo10057.40.png
  [ 59/99] grafo10058.32              RL=   3  neato=   3  SPC=+0.0%  → grafo10058.32.png
  [ 60/99] grafo10059.32              RL=   2  neato=   3  SPC=+33.3%  → grafo10059.32.png
  [ 61/99] grafo10060.90              RL=  42  neato=  50  SPC=+16.0%  → grafo10060.90.png
  [ 62/99] grafo10061.99              RL=  92  neato= 103  SPC=+10.7%  → grafo10061.99.png
  [ 63/99] grafo10062.39              RL=   4  neato=   6  SPC=+33.3%  → grafo10062.39.png
  [ 64/99] grafo10063.31              RL=   1  neato=   2  SPC=+50.0%  → grafo10063.31.png
  [ 65/99] grafo10064.39              RL=  18  neato=  26  SPC=+30.8%  → grafo10064.39.png
  [ 66/99] grafo10065.32              RL=   3  neato=   3  SPC=+0.0%  → grafo10065.32.png
  [ 67/99] grafo10066.40              RL=  13  neato=  19  SPC=+31.6%  → grafo10066.40.png
  [ 68/99] grafo10067.41              RL=   3  neato=   5  SPC=+40.0%  → grafo10067.41.png
  [ 69/99] grafo10068.31              RL=   1  neato=   2  SPC=+50.0%  → grafo10068.31.png
  [ 70/99] grafo10069.40              RL=   8  neato=  14  SPC=+42.9%  → grafo10069.40.png
  [ 71/99] grafo10070.32              RL=   1  neato=   1  SPC=+0.0%  → grafo10070.32.png
  [ 72/99] grafo10071.40              RL=   9  neato=  11  SPC=+18.2%  → grafo10071.40.png
  [ 73/99] grafo10072.97              RL=  91  neato= 110  SPC=+17.3%  → grafo10072.97.png
  [ 74/99] grafo10074.90              RL= 128  neato= 153  SPC=+16.3%  → grafo10074.90.png
  [ 75/99] grafo10075.31              RL=   1  neato=   1  SPC=+0.0%  → grafo10075.31.png
  [ 76/99] grafo10076.90              RL= 117  neato= 141  SPC=+17.0%  → grafo10076.90.png
  [ 77/99] grafo10077.31              RL=   1  neato=   2  SPC=+50.0%  → grafo10077.31.png
  [ 78/99] grafo10078.40              RL=   7  neato=   9  SPC=+22.2%  → grafo10078.40.png
  [ 79/99] grafo10079.41              RL=  18  neato=  25  SPC=+28.0%  → grafo10079.41.png
  [ 80/99] grafo10080.38              RL=  10  neato=  13  SPC=+23.1%  → grafo10080.38.png
  [ 81/99] grafo10081.34              RL=   6  neato=   9  SPC=+33.3%  → grafo10081.34.png
  [ 82/99] grafo10082.98              RL=  57  neato=  67  SPC=+14.9%  → grafo10082.98.png
  [ 83/99] grafo10083.38              RL=   9  neato=  11  SPC=+18.2%  → grafo10083.38.png
  [ 84/99] grafo10084.97              RL= 163  neato= 182  SPC=+10.4%  → grafo10084.97.png
  [ 85/99] grafo10085.35              RL=   5  neato=   7  SPC=+28.6%  → grafo10085.35.png
  [ 86/99] grafo10086.34              RL=   0  neato=   1  SPC=+100.0%  → grafo10086.34.png
  [ 87/99] grafo10087.39              RL=   7  neato=  12  SPC=+41.7%  → grafo10087.39.png
  [ 88/99] grafo10088.39              RL=  14  neato=  17  SPC=+17.6%  → grafo10088.39.png
  [ 89/99] grafo10089.37              RL=   9  neato=  12  SPC=+25.0%  → grafo10089.37.png
  [ 90/99] grafo10090.97              RL=  23  neato=  30  SPC=+23.3%  → grafo10090.97.png
  [ 91/99] grafo10091.96              RL=  58  neato=  72  SPC=+19.4%  → grafo10091.96.png
  [ 92/99] grafo10092.97              RL=  80  neato=  91  SPC=+12.1%  → grafo10092.97.png
  [ 93/99] grafo10093.98              RL=  97  neato= 109  SPC=+11.0%  → grafo10093.98.png
  [ 94/99] grafo10095.93              RL=  45  neato=  53  SPC=+15.1%  → grafo10095.93.png
  [ 95/99] grafo10096.95              RL=  87  neato= 103  SPC=+15.5%  → grafo10096.95.png
  [ 96/99] grafo10097.95              RL=  37  neato=  47  SPC=+21.3%  → grafo10097.95.png
  [ 97/99] grafo10098.95              RL=  93  neato= 104  SPC=+10.6%  → grafo10098.95.png
  [ 98/99] grafo10099.94              RL= 135  neato= 149  SPC=+9.4%  → grafo10099.94.png
  [ 99/99] grafo10100.99              RL=  86  neato= 104  SPC=+17.3%  → grafo10100.99.png

=======================================================
平均 SPC:  +25.4%
改善图数: 91/99
=======================================================

Done. Images saved to viz_output//
